\BOOKMARK [1][-]{section.1}{\376\377\000I\000n\000t\000r\000o\000d\000u\000c\000c\000i\000\363\000n}{}% 1
\BOOKMARK [2][-]{subsection.1.1}{\376\377\000V\000i\000s\000i\000\363\000n\000\040\000G\000e\000n\000e\000r\000a\000l}{section.1}% 2
\BOOKMARK [2][-]{subsection.1.2}{\376\377\000P\000r\000o\000p\000\363\000s\000i\000t\000o}{section.1}% 3
\BOOKMARK [2][-]{subsection.1.3}{\376\377\000C\000a\000r\000a\000c\000t\000e\000r\000\355\000s\000t\000i\000c\000a\000s\000\040\000P\000r\000i\000n\000c\000i\000p\000a\000l\000e\000s}{section.1}% 4
\BOOKMARK [2][-]{subsection.1.4}{\376\377\000A\000u\000d\000i\000e\000n\000c\000i\000a\000\040\000O\000b\000j\000e\000t\000i\000v\000o}{section.1}% 5
\BOOKMARK [2][-]{subsection.1.5}{\376\377\000E\000s\000t\000r\000u\000c\000t\000u\000r\000a\000\040\000d\000e\000l\000\040\000D\000o\000c\000u\000m\000e\000n\000t\000o}{section.1}% 6
\BOOKMARK [1][-]{section.2}{\376\377\000A\000r\000q\000u\000i\000t\000e\000c\000t\000u\000r\000a\000\040\000d\000e\000l\000\040\000S\000i\000s\000t\000e\000m\000a}{}% 7
\BOOKMARK [2][-]{subsection.2.1}{\376\377\000A\000r\000q\000u\000i\000t\000e\000c\000t\000u\000r\000a\000\040\000d\000e\000\040\000A\000l\000t\000o\000\040\000N\000i\000v\000e\000l}{section.2}% 8
\BOOKMARK [2][-]{subsection.2.2}{\376\377\000C\000o\000m\000p\000o\000n\000e\000n\000t\000e\000s\000\040\000P\000r\000i\000n\000c\000i\000p\000a\000l\000e\000s}{section.2}% 9
\BOOKMARK [1][-]{section.3}{\376\377\000C\000o\000m\000p\000o\000n\000e\000n\000t\000e\000s}{}% 10
\BOOKMARK [2][-]{subsection.3.1}{\376\377\000M\000\363\000d\000u\000l\000o\000\040\000d\000e\000\040\000C\000a\000p\000t\000u\000r\000a\000\040\000d\000e\000\040\000P\000a\000q\000u\000e\000t\000e\000s}{section.3}% 11
\BOOKMARK [3][-]{subsubsection.3.1.1}{\376\377\000C\000a\000r\000a\000c\000t\000e\000r\000\355\000s\000t\000i\000c\000a\000s\000\040\000P\000r\000i\000n\000c\000i\000p\000a\000l\000e\000s}{subsection.3.1}% 12
\BOOKMARK [1][-]{section.4}{\376\377\000I\000n\000s\000t\000a\000l\000a\000c\000i\000\363\000n\000\040\000y\000\040\000C\000o\000n\000f\000i\000g\000u\000r\000a\000c\000i\000\363\000n}{}% 13
\BOOKMARK [2][-]{subsection.4.1}{\376\377\000R\000e\000q\000u\000i\000s\000i\000t\000o\000s\000\040\000d\000e\000l\000\040\000S\000i\000s\000t\000e\000m\000a}{section.4}% 14
\BOOKMARK [3][-]{subsubsection.4.1.1}{\376\377\000R\000e\000q\000u\000i\000s\000i\000t\000o\000s\000\040\000d\000e\000\040\000H\000a\000r\000d\000w\000a\000r\000e}{subsection.4.1}% 15
\BOOKMARK [3][-]{subsubsection.4.1.2}{\376\377\000R\000e\000q\000u\000i\000s\000i\000t\000o\000s\000\040\000d\000e\000\040\000S\000o\000f\000t\000w\000a\000r\000e}{subsection.4.1}% 16
\BOOKMARK [1][-]{section.5}{\376\377\000C\000o\000n\000f\000i\000g\000u\000r\000a\000c\000i\000\363\000n}{}% 17
\BOOKMARK [2][-]{subsection.5.1}{\376\377\000V\000i\000s\000i\000\363\000n\000\040\000G\000e\000n\000e\000r\000a\000l\000\040\000d\000e\000\040\000l\000a\000\040\000C\000o\000n\000f\000i\000g\000u\000r\000a\000c\000i\000\363\000n}{section.5}% 18
\BOOKMARK [2][-]{subsection.5.2}{\376\377\000E\000s\000t\000r\000u\000c\000t\000u\000r\000a\000\040\000d\000e\000l\000\040\000A\000r\000c\000h\000i\000v\000o\000\040\000d\000e\000\040\000C\000o\000n\000f\000i\000g\000u\000r\000a\000c\000i\000\363\000n}{section.5}% 19
\BOOKMARK [1][-]{section.6}{\376\377\000U\000s\000o}{}% 20
\BOOKMARK [2][-]{subsection.6.1}{\376\377\000I\000n\000i\000c\000i\000a\000n\000d\000o\000\040\000e\000l\000\040\000S\000i\000s\000t\000e\000m\000a}{section.6}% 21
\BOOKMARK [3][-]{subsubsection.6.1.1}{\376\377\000U\000s\000a\000n\000d\000o\000\040\000P\000o\000e\000t\000r\000y}{subsection.6.1}% 22
\BOOKMARK [3][-]{subsubsection.6.1.2}{\376\377\000U\000s\000a\000n\000d\000o\000\040\000D\000o\000c\000k\000e\000r}{subsection.6.1}% 23
\BOOKMARK [1][-]{section.7}{\376\377\000R\000e\000f\000e\000r\000e\000n\000c\000i\000a\000\040\000d\000e\000\040\000A\000P\000I}{}% 24
\BOOKMARK [2][-]{subsection.7.1}{\376\377\000V\000i\000s\000i\000\363\000n\000\040\000G\000e\000n\000e\000r\000a\000l\000\040\000d\000e\000\040\000l\000a\000\040\000A\000P\000I}{section.7}% 25
\BOOKMARK [2][-]{subsection.7.2}{\376\377\000D\000o\000c\000u\000m\000e\000n\000t\000a\000c\000i\000\363\000n\000\040\000d\000e\000\040\000l\000a\000\040\000A\000P\000I}{section.7}% 26
\BOOKMARK [2][-]{subsection.7.3}{\376\377\000A\000u\000t\000e\000n\000t\000i\000c\000a\000c\000i\000\363\000n}{section.7}% 27
\BOOKMARK [1][-]{section.8}{\376\377\000M\000o\000d\000e\000l\000o\000s\000\040\000d\000e\000\040\000A\000p\000r\000e\000n\000d\000i\000z\000a\000j\000e\000\040\000A\000u\000t\000o\000m\000\341\000t\000i\000c\000o}{}% 28
\BOOKMARK [2][-]{subsection.8.1}{\376\377\000V\000i\000s\000i\000\363\000n\000\040\000G\000e\000n\000e\000r\000a\000l\000\040\000d\000e\000l\000\040\000A\000p\000r\000e\000n\000d\000i\000z\000a\000j\000e\000\040\000A\000u\000t\000o\000m\000\341\000t\000i\000c\000o}{section.8}% 29
\BOOKMARK [2][-]{subsection.8.2}{\376\377\000A\000r\000q\000u\000i\000t\000e\000c\000t\000u\000r\000a\000\040\000d\000e\000\040\000M\000L}{section.8}% 30
\BOOKMARK [2][-]{subsection.8.3}{\376\377\000I\000n\000g\000e\000n\000i\000e\000r\000\355\000a\000\040\000d\000e\000\040\000C\000a\000r\000a\000c\000t\000e\000r\000\355\000s\000t\000i\000c\000a\000s}{section.8}% 31
\BOOKMARK [3][-]{subsubsection.8.3.1}{\376\377\000C\000a\000r\000a\000c\000t\000e\000r\000\355\000s\000t\000i\000c\000a\000s\000\040\000a\000\040\000N\000i\000v\000e\000l\000\040\000d\000e\000\040\000P\000a\000q\000u\000e\000t\000e}{subsection.8.3}% 32
\BOOKMARK [3][-]{subsubsection.8.3.2}{\376\377\000C\000a\000r\000a\000c\000t\000e\000r\000\355\000s\000t\000i\000c\000a\000s\000\040\000a\000\040\000N\000i\000v\000e\000l\000\040\000d\000e\000\040\000F\000l\000u\000j\000o}{subsection.8.3}% 33
\BOOKMARK [3][-]{subsubsection.8.3.3}{\376\377\000C\000a\000r\000a\000c\000t\000e\000r\000\355\000s\000t\000i\000c\000a\000s\000\040\000B\000a\000s\000a\000d\000a\000s\000\040\000e\000n\000\040\000T\000i\000e\000m\000p\000o}{subsection.8.3}% 34
\BOOKMARK [3][-]{subsubsection.8.3.4}{\376\377\000C\000a\000r\000a\000c\000t\000e\000r\000\355\000s\000t\000i\000c\000a\000s\000\040\000B\000a\000s\000a\000d\000a\000s\000\040\000e\000n\000\040\000H\000o\000s\000t}{subsection.8.3}% 35
\BOOKMARK [2][-]{subsection.8.4}{\376\377\000M\000o\000d\000e\000l\000o\000s\000\040\000d\000e\000\040\000A\000p\000r\000e\000n\000d\000i\000z\000a\000j\000e\000\040\000A\000u\000t\000o\000m\000\341\000t\000i\000c\000o}{section.8}% 36
\BOOKMARK [3][-]{subsubsection.8.4.1}{\376\377\000M\000o\000d\000e\000l\000o\000s\000\040\000d\000e\000\040\000D\000e\000t\000e\000c\000c\000i\000\363\000n\000\040\000d\000e\000\040\000A\000n\000o\000m\000a\000l\000\355\000a\000s}{subsection.8.4}% 37
\BOOKMARK [3][-]{subsubsection.8.4.2}{\376\377\000M\000o\000d\000e\000l\000o\000s\000\040\000d\000e\000\040\000C\000l\000a\000s\000i\000f\000i\000c\000a\000c\000i\000\363\000n}{subsection.8.4}% 38
\BOOKMARK [3][-]{subsubsection.8.4.3}{\376\377\000M\000o\000d\000e\000l\000o\000s\000\040\000d\000e\000\040\000A\000g\000r\000u\000p\000a\000m\000i\000e\000n\000t\000o}{subsection.8.4}% 39
\BOOKMARK [2][-]{subsection.8.5}{\376\377\000E\000n\000t\000r\000e\000n\000a\000m\000i\000e\000n\000t\000o\000\040\000d\000e\000\040\000M\000o\000d\000e\000l\000o\000s}{section.8}% 40
\BOOKMARK [3][-]{subsubsection.8.5.1}{\376\377\000D\000a\000t\000o\000s\000\040\000d\000e\000\040\000E\000n\000t\000r\000e\000n\000a\000m\000i\000e\000n\000t\000o}{subsection.8.5}% 41
\BOOKMARK [3][-]{subsubsection.8.5.2}{\376\377\000P\000r\000o\000c\000e\000s\000o\000\040\000d\000e\000\040\000E\000n\000t\000r\000e\000n\000a\000m\000i\000e\000n\000t\000o}{subsection.8.5}% 42
\BOOKMARK [2][-]{subsection.8.6}{\376\377\000E\000v\000a\000l\000u\000a\000c\000i\000\363\000n\000\040\000d\000e\000\040\000M\000o\000d\000e\000l\000o\000s}{section.8}% 43
\BOOKMARK [3][-]{subsubsection.8.6.1}{\376\377\000M\000\351\000t\000r\000i\000c\000a\000s\000\040\000d\000e\000\040\000D\000e\000t\000e\000c\000c\000i\000\363\000n\000\040\000d\000e\000\040\000A\000n\000o\000m\000a\000l\000\355\000a\000s}{subsection.8.6}% 44
\BOOKMARK [3][-]{subsubsection.8.6.2}{\376\377\000M\000\351\000t\000r\000i\000c\000a\000s\000\040\000d\000e\000\040\000C\000l\000a\000s\000i\000f\000i\000c\000a\000c\000i\000\363\000n}{subsection.8.6}% 45
\BOOKMARK [2][-]{subsection.8.7}{\376\377\000D\000e\000s\000p\000l\000i\000e\000g\000u\000e\000\040\000d\000e\000\040\000M\000o\000d\000e\000l\000o\000s}{section.8}% 46
\BOOKMARK [3][-]{subsubsection.8.7.1}{\376\377\000S\000e\000r\000i\000a\000l\000i\000z\000a\000c\000i\000\363\000n\000\040\000d\000e\000\040\000M\000o\000d\000e\000l\000o\000s}{subsection.8.7}% 47
\BOOKMARK [3][-]{subsubsection.8.7.2}{\376\377\000V\000e\000r\000s\000i\000o\000n\000a\000d\000o\000\040\000d\000e\000\040\000M\000o\000d\000e\000l\000o\000s}{subsection.8.7}% 48
\BOOKMARK [3][-]{subsubsection.8.7.3}{\376\377\000S\000e\000r\000v\000i\000c\000i\000o\000\040\000d\000e\000\040\000M\000o\000d\000e\000l\000o\000s}{subsection.8.7}% 49
\BOOKMARK [2][-]{subsection.8.8}{\376\377\000A\000p\000r\000e\000n\000d\000i\000z\000a\000j\000e\000\040\000C\000o\000n\000t\000i\000n\000u\000o}{section.8}% 50
\BOOKMARK [2][-]{subsection.8.9}{\376\377\000E\000x\000p\000l\000i\000c\000a\000b\000i\000l\000i\000d\000a\000d}{section.8}% 51
\BOOKMARK [1][-]{section.9}{\376\377\000D\000e\000s\000a\000r\000r\000o\000l\000l\000o\000\040\000y\000\040\000P\000r\000u\000e\000b\000a\000s}{}% 52
\BOOKMARK [2][-]{subsection.9.1}{\376\377\000E\000n\000t\000o\000r\000n\000o\000\040\000d\000e\000\040\000D\000e\000s\000a\000r\000r\000o\000l\000l\000o}{section.9}% 53
\BOOKMARK [3][-]{subsubsection.9.1.1}{\376\377\000H\000e\000r\000r\000a\000m\000i\000e\000n\000t\000a\000s\000\040\000d\000e\000\040\000D\000e\000s\000a\000r\000r\000o\000l\000l\000o}{subsection.9.1}% 54
\BOOKMARK [3][-]{subsubsection.9.1.2}{\376\377\000C\000o\000n\000f\000i\000g\000u\000r\000a\000c\000i\000\363\000n\000\040\000d\000e\000l\000\040\000E\000n\000t\000o\000r\000n\000o\000\040\000d\000e\000\040\000D\000e\000s\000a\000r\000r\000o\000l\000l\000o}{subsection.9.1}% 55
\BOOKMARK [2][-]{subsection.9.2}{\376\377\000E\000s\000t\000r\000u\000c\000t\000u\000r\000a\000\040\000d\000e\000l\000\040\000C\000\363\000d\000i\000g\000o}{section.9}% 56
\BOOKMARK [2][-]{subsection.9.3}{\376\377\000E\000s\000t\000\341\000n\000d\000a\000r\000e\000s\000\040\000d\000e\000\040\000C\000o\000d\000i\000f\000i\000c\000a\000c\000i\000\363\000n}{section.9}% 57
\BOOKMARK [3][-]{subsubsection.9.3.1}{\376\377\000F\000o\000r\000m\000a\000t\000o\000\040\000d\000e\000l\000\040\000C\000\363\000d\000i\000g\000o}{subsection.9.3}% 58
\BOOKMARK [3][-]{subsubsection.9.3.2}{\376\377\000L\000i\000n\000t\000i\000n\000g}{subsection.9.3}% 59
\BOOKMARK [3][-]{subsubsection.9.3.3}{\376\377\000V\000e\000r\000i\000f\000i\000c\000a\000c\000i\000\363\000n\000\040\000d\000e\000\040\000T\000i\000p\000o\000s}{subsection.9.3}% 60
\BOOKMARK [3][-]{subsubsection.9.3.4}{\376\377\000E\000s\000c\000a\000n\000e\000o\000\040\000d\000e\000\040\000S\000e\000g\000u\000r\000i\000d\000a\000d}{subsection.9.3}% 61
\BOOKMARK [2][-]{subsection.9.4}{\376\377\000P\000r\000u\000e\000b\000a\000s}{section.9}% 62
\BOOKMARK [3][-]{subsubsection.9.4.1}{\376\377\000E\000s\000t\000r\000u\000c\000t\000u\000r\000a\000\040\000d\000e\000\040\000P\000r\000u\000e\000b\000a\000s}{subsection.9.4}% 63
\BOOKMARK [3][-]{subsubsection.9.4.2}{\376\377\000E\000j\000e\000c\000u\000c\000i\000\363\000n\000\040\000d\000e\000\040\000P\000r\000u\000e\000b\000a\000s}{subsection.9.4}% 64
\BOOKMARK [3][-]{subsubsection.9.4.3}{\376\377\000F\000i\000x\000t\000u\000r\000e\000s\000\040\000d\000e\000\040\000P\000r\000u\000e\000b\000a}{subsection.9.4}% 65
\BOOKMARK [3][-]{subsubsection.9.4.4}{\376\377\000E\000s\000c\000r\000i\000t\000u\000r\000a\000\040\000d\000e\000\040\000P\000r\000u\000e\000b\000a\000s}{subsection.9.4}% 66
\BOOKMARK [2][-]{subsection.9.5}{\376\377\000I\000n\000t\000e\000g\000r\000a\000c\000i\000\363\000n\000\040\000C\000o\000n\000t\000i\000n\000u\000a}{section.9}% 67
\BOOKMARK [2][-]{subsection.9.6}{\376\377\000P\000r\000o\000c\000e\000s\000o\000\040\000d\000e\000\040\000L\000a\000n\000z\000a\000m\000i\000e\000n\000t\000o}{section.9}% 68
\BOOKMARK [3][-]{subsubsection.9.6.1}{\376\377\000V\000e\000r\000s\000i\000o\000n\000a\000d\000o}{subsection.9.6}% 69
\BOOKMARK [3][-]{subsubsection.9.6.2}{\376\377\000P\000a\000s\000o\000s\000\040\000d\000e\000\040\000L\000a\000n\000z\000a\000m\000i\000e\000n\000t\000o}{subsection.9.6}% 70
\BOOKMARK [2][-]{subsection.9.7}{\376\377\000D\000o\000c\000u\000m\000e\000n\000t\000a\000c\000i\000\363\000n}{section.9}% 71
\BOOKMARK [3][-]{subsubsection.9.7.1}{\376\377\000D\000o\000c\000u\000m\000e\000n\000t\000a\000c\000i\000\363\000n\000\040\000d\000e\000\040\000C\000\363\000d\000i\000g\000o}{subsection.9.7}% 72
\BOOKMARK [3][-]{subsubsection.9.7.2}{\376\377\000D\000o\000c\000u\000m\000e\000n\000t\000a\000c\000i\000\363\000n\000\040\000d\000e\000\040\000A\000P\000I}{subsection.9.7}% 73
\BOOKMARK [3][-]{subsubsection.9.7.3}{\376\377\000D\000o\000c\000u\000m\000e\000n\000t\000a\000c\000i\000\363\000n\000\040\000d\000e\000l\000\040\000P\000r\000o\000y\000e\000c\000t\000o}{subsection.9.7}% 74
\BOOKMARK [2][-]{subsection.9.8}{\376\377\000C\000o\000n\000t\000r\000i\000b\000u\000c\000i\000\363\000n}{section.9}% 75
\BOOKMARK [1][-]{section.10}{\376\377\000C\000o\000n\000s\000i\000d\000e\000r\000a\000c\000i\000o\000n\000e\000s\000\040\000d\000e\000\040\000S\000e\000g\000u\000r\000i\000d\000a\000d}{}% 76
\BOOKMARK [2][-]{subsection.10.1}{\376\377\000V\000i\000s\000i\000\363\000n\000\040\000G\000e\000n\000e\000r\000a\000l\000\040\000d\000e\000\040\000S\000e\000g\000u\000r\000i\000d\000a\000d}{section.10}% 77
\BOOKMARK [2][-]{subsection.10.2}{\376\377\000P\000r\000\341\000c\000t\000i\000c\000a\000s\000\040\000d\000e\000\040\000D\000e\000s\000a\000r\000r\000o\000l\000l\000o\000\040\000S\000e\000g\000u\000r\000o}{section.10}% 78
\BOOKMARK [3][-]{subsubsection.10.2.1}{\376\377\000E\000s\000t\000\341\000n\000d\000a\000r\000e\000s\000\040\000d\000e\000\040\000C\000o\000d\000i\000f\000i\000c\000a\000c\000i\000\363\000n\000\040\000S\000e\000g\000u\000r\000a}{subsection.10.2}% 79
\BOOKMARK [3][-]{subsubsection.10.2.2}{\376\377\000P\000r\000u\000e\000b\000a\000s\000\040\000d\000e\000\040\000S\000e\000g\000u\000r\000i\000d\000a\000d}{subsection.10.2}% 80
\BOOKMARK [3][-]{subsubsection.10.2.3}{\376\377\000G\000e\000s\000t\000i\000\363\000n\000\040\000d\000e\000\040\000D\000e\000p\000e\000n\000d\000e\000n\000c\000i\000a\000s}{subsection.10.2}% 81
\BOOKMARK [2][-]{subsection.10.3}{\376\377\000A\000u\000t\000e\000n\000t\000i\000c\000a\000c\000i\000\363\000n\000\040\000y\000\040\000A\000u\000t\000o\000r\000i\000z\000a\000c\000i\000\363\000n}{section.10}% 82
\BOOKMARK [3][-]{subsubsection.10.3.1}{\376\377\000A\000u\000t\000e\000n\000t\000i\000c\000a\000c\000i\000\363\000n}{subsection.10.3}% 83
\BOOKMARK [3][-]{subsubsection.10.3.2}{\376\377\000A\000u\000t\000o\000r\000i\000z\000a\000c\000i\000\363\000n}{subsection.10.3}% 84
\BOOKMARK [2][-]{subsection.10.4}{\376\377\000P\000r\000o\000t\000e\000c\000c\000i\000\363\000n\000\040\000d\000e\000\040\000D\000a\000t\000o\000s}{section.10}% 85
\BOOKMARK [3][-]{subsubsection.10.4.1}{\376\377\000C\000i\000f\000r\000a\000d\000o\000\040\000d\000e\000\040\000D\000a\000t\000o\000s}{subsection.10.4}% 86
\BOOKMARK [3][-]{subsubsection.10.4.2}{\376\377\000M\000i\000n\000i\000m\000i\000z\000a\000c\000i\000\363\000n\000\040\000d\000e\000\040\000D\000a\000t\000o\000s}{subsection.10.4}% 87
\BOOKMARK [3][-]{subsubsection.10.4.3}{\376\377\000M\000a\000n\000e\000j\000o\000\040\000d\000e\000\040\000D\000a\000t\000o\000s\000\040\000S\000e\000n\000s\000i\000b\000l\000e\000s}{subsection.10.4}% 88
\BOOKMARK [2][-]{subsection.10.5}{\376\377\000S\000e\000g\000u\000r\000i\000d\000a\000d\000\040\000d\000e\000\040\000R\000e\000d}{section.10}% 89
\BOOKMARK [3][-]{subsubsection.10.5.1}{\376\377\000C\000o\000m\000u\000n\000i\000c\000a\000c\000i\000\363\000n\000\040\000S\000e\000g\000u\000r\000a}{subsection.10.5}% 90
\BOOKMARK [3][-]{subsubsection.10.5.2}{\376\377\000A\000i\000s\000l\000a\000m\000i\000e\000n\000t\000o\000\040\000d\000e\000\040\000R\000e\000d}{subsection.10.5}% 91
\BOOKMARK [3][-]{subsubsection.10.5.3}{\376\377\000C\000o\000n\000f\000i\000g\000u\000r\000a\000c\000i\000\363\000n\000\040\000d\000e\000\040\000F\000i\000r\000e\000w\000a\000l\000l}{subsection.10.5}% 92
\BOOKMARK [2][-]{subsection.10.6}{\376\377\000S\000e\000g\000u\000r\000i\000d\000a\000d\000\040\000O\000p\000e\000r\000a\000t\000i\000v\000a}{section.10}% 93
\BOOKMARK [3][-]{subsubsection.10.6.1}{\376\377\000D\000e\000s\000p\000l\000i\000e\000g\000u\000e\000\040\000S\000e\000g\000u\000r\000o}{subsection.10.6}% 94
\BOOKMARK [3][-]{subsubsection.10.6.2}{\376\377\000R\000e\000g\000i\000s\000t\000r\000o\000\040\000y\000\040\000M\000o\000n\000i\000t\000o\000r\000e\000o}{subsection.10.6}% 95
\BOOKMARK [3][-]{subsubsection.10.6.3}{\376\377\000R\000e\000s\000p\000u\000e\000s\000t\000a\000\040\000a\000\040\000I\000n\000c\000i\000d\000e\000n\000t\000e\000s}{subsection.10.6}% 96
\BOOKMARK [2][-]{subsection.10.7}{\376\377\000C\000u\000m\000p\000l\000i\000m\000i\000e\000n\000t\000o\000\040\000y\000\040\000P\000r\000i\000v\000a\000c\000i\000d\000a\000d}{section.10}% 97
\BOOKMARK [3][-]{subsubsection.10.7.1}{\376\377\000C\000u\000m\000p\000l\000i\000m\000i\000e\000n\000t\000o\000\040\000R\000e\000g\000u\000l\000a\000t\000o\000r\000i\000o}{subsection.10.7}% 98
\BOOKMARK [3][-]{subsubsection.10.7.2}{\376\377\000P\000r\000i\000v\000a\000c\000i\000d\000a\000d\000\040\000p\000o\000r\000\040\000D\000i\000s\000e\000\361\000o}{subsection.10.7}% 99
\BOOKMARK [2][-]{subsection.10.8}{\376\377\000F\000o\000r\000t\000a\000l\000e\000c\000i\000m\000i\000e\000n\000t\000o\000\040\000d\000e\000\040\000S\000e\000g\000u\000r\000i\000d\000a\000d}{section.10}% 100
\BOOKMARK [3][-]{subsubsection.10.8.1}{\376\377\000F\000o\000r\000t\000a\000l\000e\000c\000i\000m\000i\000e\000n\000t\000o\000\040\000d\000e\000l\000\040\000S\000i\000s\000t\000e\000m\000a}{subsection.10.8}% 101
\BOOKMARK [3][-]{subsubsection.10.8.2}{\376\377\000S\000e\000g\000u\000r\000i\000d\000a\000d\000\040\000d\000e\000\040\000C\000o\000n\000t\000e\000n\000e\000d\000o\000r\000e\000s}{subsection.10.8}% 102
\BOOKMARK [2][-]{subsection.10.9}{\376\377\000P\000r\000u\000e\000b\000a\000s\000\040\000y\000\040\000V\000e\000r\000i\000f\000i\000c\000a\000c\000i\000\363\000n\000\040\000d\000e\000\040\000S\000e\000g\000u\000r\000i\000d\000a\000d}{section.10}% 103
\BOOKMARK [3][-]{subsubsection.10.9.1}{\376\377\000E\000s\000c\000a\000n\000e\000o\000\040\000d\000e\000\040\000V\000u\000l\000n\000e\000r\000a\000b\000i\000l\000i\000d\000a\000d\000e\000s}{subsection.10.9}% 104
\BOOKMARK [3][-]{subsubsection.10.9.2}{\376\377\000P\000r\000u\000e\000b\000a\000s\000\040\000d\000e\000\040\000P\000e\000n\000e\000t\000r\000a\000c\000i\000\363\000n}{subsection.10.9}% 105
\BOOKMARK [2][-]{subsection.10.10}{\376\377\000D\000o\000c\000u\000m\000e\000n\000t\000a\000c\000i\000\363\000n\000\040\000d\000e\000\040\000S\000e\000g\000u\000r\000i\000d\000a\000d}{section.10}% 106
\BOOKMARK [2][-]{subsection.10.11}{\376\377\000H\000o\000j\000a\000\040\000d\000e\000\040\000R\000u\000t\000a\000\040\000d\000e\000\040\000S\000e\000g\000u\000r\000i\000d\000a\000d}{section.10}% 107
\BOOKMARK [1][-]{section.11}{\376\377\000O\000p\000t\000i\000m\000i\000z\000a\000c\000i\000\363\000n\000\040\000d\000e\000\040\000R\000e\000n\000d\000i\000m\000i\000e\000n\000t\000o}{}% 108
\BOOKMARK [2][-]{subsection.11.1}{\376\377\000V\000i\000s\000i\000\363\000n\000\040\000G\000e\000n\000e\000r\000a\000l\000\040\000d\000e\000l\000\040\000R\000e\000n\000d\000i\000m\000i\000e\000n\000t\000o}{section.11}% 109
\BOOKMARK [2][-]{subsection.11.2}{\376\377\000R\000e\000q\000u\000i\000s\000i\000t\000o\000s\000\040\000d\000e\000\040\000R\000e\000n\000d\000i\000m\000i\000e\000n\000t\000o}{section.11}% 110
\BOOKMARK [2][-]{subsection.11.3}{\376\377\000C\000u\000e\000l\000l\000o\000s\000\040\000d\000e\000\040\000B\000o\000t\000e\000l\000l\000a\000\040\000d\000e\000\040\000R\000e\000n\000d\000i\000m\000i\000e\000n\000t\000o}{section.11}% 111
\BOOKMARK [3][-]{subsubsection.11.3.1}{\376\377\000C\000a\000p\000t\000u\000r\000a\000\040\000d\000e\000\040\000P\000a\000q\000u\000e\000t\000e\000s}{subsection.11.3}% 112
\BOOKMARK [3][-]{subsubsection.11.3.2}{\376\377\000P\000r\000o\000c\000e\000s\000a\000m\000i\000e\000n\000t\000o\000\040\000d\000e\000\040\000P\000a\000q\000u\000e\000t\000e\000s}{subsection.11.3}% 113
\BOOKMARK [3][-]{subsubsection.11.3.3}{\376\377\000O\000p\000e\000r\000a\000c\000i\000o\000n\000e\000s\000\040\000d\000e\000\040\000B\000a\000s\000e\000\040\000d\000e\000\040\000D\000a\000t\000o\000s}{subsection.11.3}% 114
\BOOKMARK [3][-]{subsubsection.11.3.4}{\376\377\000I\000n\000f\000e\000r\000e\000n\000c\000i\000a\000\040\000d\000e\000\040\000A\000p\000r\000e\000n\000d\000i\000z\000a\000j\000e\000\040\000A\000u\000t\000o\000m\000\341\000t\000i\000c\000o}{subsection.11.3}% 115
\BOOKMARK [2][-]{subsection.11.4}{\376\377\000O\000p\000t\000i\000m\000i\000z\000a\000c\000i\000o\000n\000e\000s\000\040\000d\000e\000\040\000R\000e\000n\000d\000i\000m\000i\000e\000n\000t\000o}{section.11}% 116
\BOOKMARK [3][-]{subsubsection.11.4.1}{\376\377\000O\000p\000t\000i\000m\000i\000z\000a\000c\000i\000o\000n\000e\000s\000\040\000a\000\040\000N\000i\000v\000e\000l\000\040\000d\000e\000\040\000C\000\363\000d\000i\000g\000o}{subsection.11.4}% 117
\BOOKMARK [3][-]{subsubsection.11.4.2}{\376\377\000O\000p\000t\000i\000m\000i\000z\000a\000c\000i\000o\000n\000e\000s\000\040\000d\000e\000\040\000C\000o\000n\000c\000u\000r\000r\000e\000n\000c\000i\000a}{subsection.11.4}% 118
\BOOKMARK [3][-]{subsubsection.11.4.3}{\376\377\000O\000p\000t\000i\000m\000i\000z\000a\000c\000i\000o\000n\000e\000s\000\040\000d\000e\000\040\000B\000a\000s\000e\000\040\000d\000e\000\040\000D\000a\000t\000o\000s}{subsection.11.4}% 119
\BOOKMARK [3][-]{subsubsection.11.4.4}{\376\377\000O\000p\000t\000i\000m\000i\000z\000a\000c\000i\000o\000n\000e\000s\000\040\000d\000e\000\040\000R\000e\000d}{subsection.11.4}% 120
\BOOKMARK [2][-]{subsection.11.5}{\376\377\000E\000s\000c\000a\000l\000a\000b\000i\000l\000i\000d\000a\000d}{section.11}% 121
\BOOKMARK [3][-]{subsubsection.11.5.1}{\376\377\000E\000s\000c\000a\000l\000a\000d\000o\000\040\000V\000e\000r\000t\000i\000c\000a\000l}{subsection.11.5}% 122
\BOOKMARK [3][-]{subsubsection.11.5.2}{\376\377\000E\000s\000c\000a\000l\000a\000d\000o\000\040\000H\000o\000r\000i\000z\000o\000n\000t\000a\000l}{subsection.11.5}% 123
\BOOKMARK [2][-]{subsection.11.6}{\376\377\000M\000o\000n\000i\000t\000o\000r\000e\000o\000\040\000d\000e\000\040\000R\000e\000n\000d\000i\000m\000i\000e\000n\000t\000o}{section.11}% 124
\BOOKMARK [3][-]{subsubsection.11.6.1}{\376\377\000R\000e\000c\000o\000p\000i\000l\000a\000c\000i\000\363\000n\000\040\000d\000e\000\040\000M\000\351\000t\000r\000i\000c\000a\000s}{subsection.11.6}% 125
\BOOKMARK [3][-]{subsubsection.11.6.2}{\376\377\000H\000e\000r\000r\000a\000m\000i\000e\000n\000t\000a\000s\000\040\000d\000e\000\040\000M\000o\000n\000i\000t\000o\000r\000e\000o}{subsection.11.6}% 126
\BOOKMARK [2][-]{subsection.11.7}{\376\377\000P\000r\000u\000e\000b\000a\000s\000\040\000d\000e\000\040\000R\000e\000n\000d\000i\000m\000i\000e\000n\000t\000o}{section.11}% 127
\BOOKMARK [3][-]{subsubsection.11.7.1}{\376\377\000P\000r\000u\000e\000b\000a\000s\000\040\000d\000e\000\040\000C\000a\000r\000g\000a}{subsection.11.7}% 128
\BOOKMARK [3][-]{subsubsection.11.7.2}{\376\377\000B\000e\000n\000c\000h\000m\000a\000r\000k\000i\000n\000g}{subsection.11.7}% 129
\BOOKMARK [2][-]{subsection.11.8}{\376\377\000A\000j\000u\000s\000t\000e\000\040\000d\000e\000\040\000R\000e\000n\000d\000i\000m\000i\000e\000n\000t\000o}{section.11}% 130
\BOOKMARK [3][-]{subsubsection.11.8.1}{\376\377\000P\000a\000r\000\341\000m\000e\000t\000r\000o\000s\000\040\000d\000e\000\040\000C\000o\000n\000f\000i\000g\000u\000r\000a\000c\000i\000\363\000n}{subsection.11.8}% 131
\BOOKMARK [3][-]{subsubsection.11.8.2}{\376\377\000A\000j\000u\000s\000t\000e\000\040\000d\000e\000l\000\040\000S\000i\000s\000t\000e\000m\000a}{subsection.11.8}% 132
\BOOKMARK [2][-]{subsection.11.9}{\376\377\000M\000e\000j\000o\000r\000e\000s\000\040\000P\000r\000\341\000c\000t\000i\000c\000a\000s\000\040\000d\000e\000\040\000R\000e\000n\000d\000i\000m\000i\000e\000n\000t\000o}{section.11}% 133
\BOOKMARK [1][-]{section.12}{\376\377\000T\000r\000a\000b\000a\000j\000o\000\040\000F\000u\000t\000u\000r\000o}{}% 134
\BOOKMARK [2][-]{subsection.12.1}{\376\377\000H\000o\000j\000a\000\040\000d\000e\000\040\000R\000u\000t\000a\000\040\000d\000e\000\040\000D\000e\000s\000a\000r\000r\000o\000l\000l\000o\000\040\000F\000u\000t\000u\000r\000o}{section.12}% 135
\BOOKMARK [2][-]{subsection.12.2}{\376\377\000H\000o\000j\000a\000\040\000d\000e\000\040\000R\000u\000t\000a\000\040\000a\000\040\000C\000o\000r\000t\000o\000\040\000P\000l\000a\000z\000o\000\040\000\050\0006\000-\0001\0002\000\040\000M\000e\000s\000e\000s\000\051}{section.12}% 136
\BOOKMARK [3][-]{subsubsection.12.2.1}{\376\377\000M\000e\000j\000o\000r\000a\000s\000\040\000d\000e\000\040\000F\000u\000n\000c\000i\000o\000n\000a\000l\000i\000d\000a\000d\000\040\000P\000r\000i\000n\000c\000i\000p\000a\000l}{subsection.12.2}% 137
\BOOKMARK [3][-]{subsubsection.12.2.2}{\376\377\000M\000e\000j\000o\000r\000a\000s\000\040\000d\000e\000\040\000A\000p\000r\000e\000n\000d\000i\000z\000a\000j\000e\000\040\000A\000u\000t\000o\000m\000\341\000t\000i\000c\000o}{subsection.12.2}% 138
\BOOKMARK [3][-]{subsubsection.12.2.3}{\376\377\000M\000e\000j\000o\000r\000a\000s\000\040\000d\000e\000\040\000I\000n\000t\000e\000r\000f\000a\000z\000\040\000d\000e\000\040\000U\000s\000u\000a\000r\000i\000o}{subsection.12.2}% 139
\BOOKMARK [3][-]{subsubsection.12.2.4}{\376\377\000C\000a\000p\000a\000c\000i\000d\000a\000d\000e\000s\000\040\000d\000e\000\040\000I\000n\000t\000e\000g\000r\000a\000c\000i\000\363\000n}{subsection.12.2}% 140
\BOOKMARK [2][-]{subsection.12.3}{\376\377\000H\000o\000j\000a\000\040\000d\000e\000\040\000R\000u\000t\000a\000\040\000a\000\040\000M\000e\000d\000i\000o\000\040\000P\000l\000a\000z\000o\000\040\000\050\0001\000-\0002\000\040\000A\000\361\000o\000s\000\051}{section.12}% 141
\BOOKMARK [3][-]{subsubsection.12.3.1}{\376\377\000D\000e\000t\000e\000c\000c\000i\000\363\000n\000\040\000A\000v\000a\000n\000z\000a\000d\000a\000\040\000d\000e\000\040\000A\000m\000e\000n\000a\000z\000a\000s}{subsection.12.3}% 142
\BOOKMARK [3][-]{subsubsection.12.3.2}{\376\377\000E\000s\000c\000a\000l\000a\000b\000i\000l\000i\000d\000a\000d\000\040\000y\000\040\000R\000e\000n\000d\000i\000m\000i\000e\000n\000t\000o}{subsection.12.3}% 143
\BOOKMARK [3][-]{subsubsection.12.3.3}{\376\377\000G\000e\000s\000t\000i\000\363\000n\000\040\000d\000e\000\040\000D\000a\000t\000o\000s}{subsection.12.3}% 144
\BOOKMARK [3][-]{subsubsection.12.3.4}{\376\377\000C\000u\000m\000p\000l\000i\000m\000i\000e\000n\000t\000o\000\040\000y\000\040\000R\000e\000p\000o\000r\000t\000e\000s}{subsection.12.3}% 145
\BOOKMARK [2][-]{subsection.12.4}{\376\377\000V\000i\000s\000i\000\363\000n\000\040\000a\000\040\000L\000a\000r\000g\000o\000\040\000P\000l\000a\000z\000o\000\040\000\050\0002\000+\000\040\000A\000\361\000o\000s\000\051}{section.12}% 146
\BOOKMARK [3][-]{subsubsection.12.4.1}{\376\377\000I\000A\000\040\000A\000v\000a\000n\000z\000a\000d\000a\000\040\000y\000\040\000A\000u\000t\000o\000m\000a\000t\000i\000z\000a\000c\000i\000\363\000n}{subsection.12.4}% 147
\BOOKMARK [3][-]{subsubsection.12.4.2}{\376\377\000C\000a\000p\000a\000c\000i\000d\000a\000d\000e\000s\000\040\000d\000e\000\040\000S\000e\000g\000u\000r\000i\000d\000a\000d\000\040\000E\000x\000t\000e\000n\000d\000i\000d\000a\000s}{subsection.12.4}% 148
\BOOKMARK [3][-]{subsubsection.12.4.3}{\376\377\000D\000e\000s\000a\000r\000r\000o\000l\000l\000o\000\040\000d\000e\000l\000\040\000E\000c\000o\000s\000i\000s\000t\000e\000m\000a}{subsection.12.4}% 149
\BOOKMARK [2][-]{subsection.12.5}{\376\377\000D\000i\000r\000e\000c\000c\000i\000o\000n\000e\000s\000\040\000d\000e\000\040\000I\000n\000v\000e\000s\000t\000i\000g\000a\000c\000i\000\363\000n}{section.12}% 150
\BOOKMARK [3][-]{subsubsection.12.5.1}{\376\377\000A\000p\000r\000e\000n\000d\000i\000z\000a\000j\000e\000\040\000A\000u\000t\000o\000m\000\341\000t\000i\000c\000o\000\040\000A\000v\000a\000n\000z\000a\000d\000o\000\040\000p\000a\000r\000a\000\040\000S\000e\000g\000u\000r\000i\000d\000a\000d}{subsection.12.5}% 151
\BOOKMARK [3][-]{subsubsection.12.5.2}{\376\377\000S\000e\000g\000u\000r\000i\000d\000a\000d\000\040\000d\000e\000\040\000R\000e\000d\000\040\000d\000e\000\040\000P\000r\000\363\000x\000i\000m\000a\000\040\000G\000e\000n\000e\000r\000a\000c\000i\000\363\000n}{subsection.12.5}% 152
\BOOKMARK [3][-]{subsubsection.12.5.3}{\376\377\000A\000n\000a\000l\000\355\000t\000i\000c\000a\000\040\000d\000e\000\040\000S\000e\000g\000u\000r\000i\000d\000a\000d\000\040\000q\000u\000e\000\040\000P\000r\000e\000s\000e\000r\000v\000a\000\040\000l\000a\000\040\000P\000r\000i\000v\000a\000c\000i\000d\000a\000d}{subsection.12.5}% 153
\BOOKMARK [2][-]{subsection.12.6}{\376\377\000C\000o\000n\000t\000r\000i\000b\000u\000c\000i\000o\000n\000e\000s\000\040\000d\000e\000\040\000l\000a\000\040\000C\000o\000m\000u\000n\000i\000d\000a\000d}{section.12}% 154
\BOOKMARK [2][-]{subsection.12.7}{\376\377\000R\000e\000t\000r\000o\000a\000l\000i\000m\000e\000n\000t\000a\000c\000i\000\363\000n\000\040\000y\000\040\000P\000r\000i\000o\000r\000i\000z\000a\000c\000i\000\363\000n}{section.12}% 155
\BOOKMARK [2][-]{subsection.12.8}{\376\377\000C\000a\000l\000e\000n\000d\000a\000r\000i\000o\000\040\000d\000e\000\040\000L\000a\000n\000z\000a\000m\000i\000e\000n\000t\000o\000s}{section.12}% 156
\BOOKMARK [2][-]{subsection.12.9}{\376\377\000C\000\363\000m\000o\000\040\000I\000n\000v\000o\000l\000u\000c\000r\000a\000r\000s\000e}{section.12}% 157
\BOOKMARK [1][-]{section.13}{\376\377\000C\000o\000n\000c\000l\000u\000s\000i\000\363\000n}{}% 158
\BOOKMARK [2][-]{subsection.13.1}{\376\377\000R\000e\000s\000u\000m\000e\000n}{section.13}% 159
\BOOKMARK [2][-]{subsection.13.2}{\376\377\000C\000a\000p\000a\000c\000i\000d\000a\000d\000e\000s\000\040\000C\000l\000a\000v\000e}{section.13}% 160
\BOOKMARK [2][-]{subsection.13.3}{\376\377\000C\000a\000s\000o\000s\000\040\000d\000e\000\040\000U\000s\000o}{section.13}% 161
\BOOKMARK [2][-]{subsection.13.4}{\376\377\000M\000e\000j\000o\000r\000e\000s\000\040\000P\000r\000\341\000c\000t\000i\000c\000a\000s}{section.13}% 162
\BOOKMARK [2][-]{subsection.13.5}{\376\377\000L\000i\000m\000i\000t\000a\000c\000i\000o\000n\000e\000s\000\040\000y\000\040\000C\000o\000n\000s\000i\000d\000e\000r\000a\000c\000i\000o\000n\000e\000s}{section.13}% 163
\BOOKMARK [2][-]{subsection.13.6}{\376\377\000C\000o\000m\000u\000n\000i\000d\000a\000d\000\040\000y\000\040\000S\000o\000p\000o\000r\000t\000e}{section.13}% 164
\BOOKMARK [2][-]{subsection.13.7}{\376\377\000R\000e\000f\000l\000e\000x\000i\000o\000n\000e\000s\000\040\000F\000i\000n\000a\000l\000e\000s}{section.13}% 165
